<?xml version="1.0" encoding="UTF-8"?>
<!-- Generated by org.testng.reporters.JUnitReportReporter -->
<testsuite hostname="ROHI" failures="0" tests="1" name="amazon_Site.extentReports" time="0.630" errors="0" timestamp="2024-05-27T08:48:01 IST" skipped="0">
  <testcase classname="amazon_Site.extentReports" name="generateReports" time="0.630"/>
  <system-out/>
</testsuite> <!-- amazon_Site.extentReports -->
