<?xml version="1.0" encoding="UTF-8"?>
<!-- Generated by org.testng.reporters.JUnitReportReporter -->
<testsuite hostname="ROHI" failures="0" tests="1" name="libraryFiles.browserClassBase" time="5.620" errors="0" timestamp="2024-05-18T14:26:39 IST" skipped="0">
  <testcase classname="libraryFiles.browserClassBase" name="launchBrowser" time="5.620"/>
  <system-out/>
</testsuite> <!-- libraryFiles.browserClassBase -->
